[11:47:35] [main/INFO]: Reloading ResourceManager: Default, bukkit, multiplayer sleep v2.5.2
[11:47:39] [Worker-Main-4/INFO]: Loaded 7 recipes
[11:47:43] [Server thread/INFO]: Starting minecraft server version 1.16.4
[11:47:43] [Server thread/INFO]: Loading properties
[11:47:43] [Server thread/INFO]: This server is running Paper version git-Paper-332 (MC: 1.16.4) (Implementing API version 1.16.4-R0.1-SNAPSHOT)
[11:47:44] [Server thread/INFO]: Debug logging is disabled
[11:47:44] [Server thread/INFO]: Server Ping Player Sample Count: 12
[11:47:44] [Server thread/INFO]: Using 4 threads for Netty based IO
[11:47:44] [Server thread/INFO]: Default game type: SURVIVAL
[11:47:44] [Server thread/INFO]: Generating keypair
[11:47:44] [Server thread/INFO]: Starting Minecraft server on *:25568
[11:47:45] [Server thread/INFO]: Using epoll channel type
[11:47:47] [Server thread/WARN]: Initializing Legacy Material Support. Unless you have legacy plugins and/or data this is a bug!
[11:48:04] [Server thread/WARN]: Legacy plugin DriveBackupV2 v1.3.7 does not specify an api-version.
[11:48:05] [Server thread/INFO]: [ViaVersion] Loading ViaVersion v3.2.1
[11:48:05] [Server thread/INFO]: [ViaVersion] ViaVersion 3.2.1 is now loaded, injecting!
[11:48:07] [Via-Mappingloader-0/INFO]: [ViaVersion] Loading 1.12 -> 1.13 mappings...
[11:48:07] [Via-Mappingloader-1/INFO]: [ViaVersion] Loading 1.13 -> 1.13.2 mappings...
[11:48:07] [Via-Mappingloader-2/INFO]: [ViaVersion] Loading 1.13.2 -> 1.14 mappings...
[11:48:07] [Via-Mappingloader-3/INFO]: [ViaVersion] Loading 1.14 -> 1.15 mappings...
[11:48:07] [Via-Mappingloader-0/INFO]: [ViaVersion] Loading block connection mappings ...
[11:48:07] [Via-Mappingloader-4/INFO]: [ViaVersion] Loading 1.15 -> 1.16 mappings...
[11:48:07] [Via-Mappingloader-5/INFO]: [ViaVersion] Loading 1.16 -> 1.16.2 mappings...
[11:48:07] [Server thread/INFO]: [ViaBackwards] Loading ViaBackwards v3.2.0
[11:48:07] [Server thread/INFO]: [DriveBackupV2] Loading DriveBackupV2 v1.3.7
[11:48:08] [Server thread/INFO]: Server permissions file permissions.yml is empty, ignoring it
[11:48:08] [Server thread/INFO]: [ViaBackwards] Enabling ViaBackwards v3.2.0
[11:48:08] [Server thread/INFO]: [ViaBackwards] Loading translations...
[11:48:08] [Server thread/INFO]: [ViaBackwards] Registering protocols...
[11:48:08] [Via-Mappingloader-5/INFO]: [ViaVersion] Loading 1.13.2 -> 1.13 mappings...
[11:48:08] [Via-Mappingloader-5/INFO]: [ViaVersion] Loading 1.14 -> 1.13.2 mappings...
[11:48:08] [Via-Mappingloader-4/INFO]: [ViaVersion] Loading 1.13 -> 1.12 mappings...
[11:48:09] [Via-Mappingloader-4/INFO]: [ViaVersion] Loading 1.15 -> 1.14 mappings...
[11:48:09] [Via-Mappingloader-4/INFO]: [ViaVersion] Loading 1.16 -> 1.15 mappings...
[11:48:09] [Via-Mappingloader-5/INFO]: [ViaVersion] Loading 1.16.2 -> 1.16 mappings...
[11:48:09] [Server thread/WARN]: **** SERVER IS RUNNING IN OFFLINE/INSECURE MODE!
[11:48:09] [Server thread/WARN]: The server will make no attempt to authenticate usernames. Beware.
[11:48:09] [Server thread/WARN]: While this makes the game possible to play without internet access, it also opens up the ability for hackers to connect with any username they choose.
[11:48:09] [Server thread/WARN]: To change this, set "online-mode" to "true" in the server.properties file.
[11:48:09] [Server thread/INFO]: Preparing level "world"
[11:48:11] [Server thread/INFO]: Preparing start region for dimension minecraft:overworld
[11:48:12] [Server thread/INFO]: Loaded 0 spawn chunks for world world
[11:48:12] [Server thread/INFO]: Preparing spawn area: 0%
[11:48:12] [Server thread/INFO]: Preparing spawn area: 0%
[11:48:12] [Server thread/INFO]: Preparing spawn area: 0%
[11:48:12] [Server thread/INFO]: Preparing spawn area: 0%
[11:48:13] [Server thread/INFO]: Preparing spawn area: 0%
[11:48:13] [Server thread/INFO]: Preparing spawn area: 0%
[11:48:13] [Server thread/INFO]: Time elapsed: 2739 ms
[11:48:13] [Server thread/INFO]: Preparing start region for dimension minecraft:the_nether
[11:48:14] [Server thread/INFO]: Loaded 0 spawn chunks for world world_nether
[11:48:14] [Server thread/INFO]: Preparing spawn area: 0%
[11:48:14] [Server thread/INFO]: Preparing spawn area: 0%
[11:48:14] [Server thread/INFO]: Time elapsed: 674 ms
[11:48:14] [Server thread/INFO]: Preparing start region for dimension minecraft:the_end
[11:48:15] [Server thread/INFO]: Loaded 0 spawn chunks for world world_the_end
[11:48:16] [Server thread/INFO]: Preparing spawn area: 0%
[11:48:16] [Server thread/INFO]: Preparing spawn area: 0%
[11:48:16] [Server thread/INFO]: Preparing spawn area: 0%
[11:48:16] [Server thread/INFO]: Preparing spawn area: 0%
[11:48:16] [Server thread/INFO]: Preparing spawn area: 0%
[11:48:17] [Server thread/INFO]: Preparing spawn area: 0%
[11:48:17] [Server thread/INFO]: Preparing spawn area: 19%
[11:48:19] [Server thread/INFO]: Preparing spawn area: 24%
[11:48:19] [Server thread/INFO]: Preparing spawn area: 24%
[11:48:19] [Server thread/INFO]: Preparing spawn area: 24%
[11:48:19] [Worker-Main-1/INFO]: Preparing spawn area: 100%
[11:48:20] [Worker-Main-6/INFO]: Preparing spawn area: 100%
[11:48:20] [Worker-Main-4/INFO]: Preparing spawn area: 100%
[11:48:20] [Server thread/INFO]: Time elapsed: 6267 ms
[11:48:20] [Server thread/INFO]: [ViaVersion] Enabling ViaVersion v3.2.1
[11:48:20] [Server thread/INFO]: [DriveBackupV2] Enabling DriveBackupV2 v1.3.7*
[11:48:21] [Server thread/INFO]: [DriveBackupV2] Metrics started
[11:48:21] [Server thread/INFO]: [DriveBackupV2] Scheduling a backup to run every 60 minutes
[11:48:21] [Server thread/INFO]: Running delayed init tasks
[11:48:21] [Server thread/INFO]: [ViaVersion] ViaVersion detected server version: 1.16.4(754)
[11:48:21] [Server thread/INFO]: [ViaVersion] Finished mapping loading, shutting down loader executor!
[11:48:21] [Server thread/INFO]: Done (38.090s)! For help, type "help"
[11:48:21] [Server thread/INFO]: Timings Reset
[11:48:21] [Craft Scheduler Thread - 5/INFO]: [DriveBackupV2] Checking for updates...
[11:48:24] [Craft Scheduler Thread - 5/INFO]: [DriveBackupV2] Hooray! You are running the latest release!
[12:48:21] [Craft Scheduler Thread - 6/INFO]: [DriveBackupV2] Skipping backup due to inactivity
