[11:58:45] [main/INFO]: Environment: authHost='https://authserver.mojang.com', accountsHost='https://api.mojang.com', sessionHost='https://sessionserver.mojang.com', servicesHost='https://api.minecraftservices.com', name='PROD'
[11:58:46] [main/INFO]: Reloading ResourceManager: Default, bukkit, armored elytra v1.0.3, double shulker shells v1.3.0, more mob heads v2.8.1, multiplayer sleep v2.5.2, player head drops v1.1.0, timber v2.1.1, classic fishing loot v1.1.0, coordinates hud v1.2.0
[11:58:49] [Worker-Main-6/INFO]: Loaded 7 recipes
[11:58:50] [Worker-Main-6/WARN]: Found validation problem in {minecraft:entities/ender_dragon}.pools[0].entries[0]: Unknown loot table called minecraft:entities/reference/extra/ender_dragon
[11:58:53] [Server thread/INFO]: Starting minecraft server version 1.16.4
[11:58:53] [Server thread/INFO]: Loading properties
[11:58:53] [Server thread/INFO]: This server is running Paper version git-Paper-267 (MC: 1.16.4) (Implementing API version 1.16.4-R0.1-SNAPSHOT)
[11:58:53] [Server thread/INFO]: Debug logging is disabled
[11:58:53] [Server thread/INFO]: Server Ping Player Sample Count: 12
[11:58:53] [Server thread/INFO]: Using 4 threads for Netty based IO
[11:58:53] [Server thread/INFO]: Default game type: SURVIVAL
[11:58:53] [Server thread/INFO]: Generating keypair
[11:58:54] [Server thread/INFO]: Starting Minecraft server on *:25569
[11:58:54] [Server thread/INFO]: Using epoll channel type
[11:58:55] [Server thread/WARN]: Initializing Legacy Material Support. Unless you have legacy plugins and/or data this is a bug!
[11:59:07] [Server thread/WARN]: Legacy plugin PermissionsEx v1.23.4 does not specify an api-version.
[11:59:07] [Server thread/WARN]: Legacy plugin DriveBackupV2 v1.3.7 does not specify an api-version.
[11:59:08] [Server thread/WARN]: Legacy plugin vanish v1.0 does not specify an api-version.
[11:59:08] [Server thread/INFO]: [PermissionsEx] Loading PermissionsEx v1.23.4
[11:59:08] [Server thread/WARN]: [PermissionsEx] This server is in offline mode. Unless this server is configured to integrate with a supported proxy (see http://dft.ba/-8ous), UUIDs *may not be stable*!
[11:59:08] [Server thread/INFO]: [KeepChunks] Loading KeepChunks v1.6.7
[11:59:08] [Server thread/INFO]: [ViaVersion] Loading ViaVersion v3.2.1
[11:59:08] [Server thread/INFO]: [ViaVersion] ViaVersion 3.2.1 is now loaded, injecting!
[11:59:08] [Via-Mappingloader-0/INFO]: [ViaVersion] Loading 1.12 -> 1.13 mappings...
[11:59:09] [Via-Mappingloader-1/INFO]: [ViaVersion] Loading 1.13 -> 1.13.2 mappings...
[11:59:09] [Via-Mappingloader-2/INFO]: [ViaVersion] Loading 1.13.2 -> 1.14 mappings...
[11:59:09] [Via-Mappingloader-3/INFO]: [ViaVersion] Loading 1.14 -> 1.15 mappings...
[11:59:09] [Via-Mappingloader-4/INFO]: [ViaVersion] Loading 1.15 -> 1.16 mappings...
[11:59:09] [Via-Mappingloader-5/INFO]: [ViaVersion] Loading 1.16 -> 1.16.2 mappings...
[11:59:09] [Server thread/INFO]: [Vault] Loading Vault v1.7.3-b131
[11:59:09] [Server thread/INFO]: [Essentials] Loading Essentials v2.19.0-dev+29-318df64
[11:59:09] [Server thread/INFO]: [ViaBackwards] Loading ViaBackwards v3.2.0
[11:59:09] [Server thread/INFO]: [DriveBackupV2] Loading DriveBackupV2 v1.3.7
[11:59:09] [Server thread/INFO]: [vanish] Loading vanish v1.0
[11:59:09] [Server thread/INFO]: [TAB] Loading TAB v2.8.9
[11:59:09] [Server thread/INFO]: [SuperVanish] Loading SuperVanish v6.2.0
[11:59:09] [Server thread/INFO]: Server permissions file permissions.yml is empty, ignoring it
[11:59:09] [Server thread/INFO]: [Vault] Enabling Vault v1.7.3-b131
[11:59:09] [Server thread/WARN]: [Vault] Loaded class com.earth2me.essentials.api.Economy from Essentials v2.19.0-dev+29-318df64 which is not a depend, softdepend or loadbefore of this plugin.
[11:59:09] [Server thread/INFO]: [Vault] [Economy] Essentials Economy found: Waiting
[11:59:09] [Server thread/WARN]: [Vault] Loaded class ru.tehkode.permissions.bukkit.PermissionsEx from PermissionsEx v1.23.4 which is not a depend, softdepend or loadbefore of this plugin.
[11:59:09] [Server thread/INFO]: [Vault] [Permission] PermissionsEx found: Waiting
[11:59:09] [Server thread/INFO]: [Vault] [Permission] SuperPermissions loaded as backup permission system.
[11:59:09] [Server thread/INFO]: [Vault] [Chat] PermissionsEx found: Waiting
[11:59:09] [Server thread/INFO]: [Vault] Enabled Version 1.7.3-b131
[11:59:09] [Server thread/INFO]: [ViaBackwards] Enabling ViaBackwards v3.2.0
[11:59:09] [Server thread/INFO]: [ViaBackwards] Loading translations...
[11:59:09] [Server thread/INFO]: [ViaBackwards] Registering protocols...
[11:59:09] [Via-Mappingloader-0/INFO]: [ViaVersion] Loading block connection mappings ...
[11:59:10] [Via-Mappingloader-4/INFO]: [ViaVersion] Loading 1.13.2 -> 1.13 mappings...
[11:59:10] [Via-Mappingloader-4/INFO]: [ViaVersion] Loading 1.14 -> 1.13.2 mappings...
[11:59:10] [Via-Mappingloader-4/INFO]: [ViaVersion] Loading 1.15 -> 1.14 mappings...
[11:59:10] [Via-Mappingloader-4/INFO]: [ViaVersion] Loading 1.16 -> 1.15 mappings...
[11:59:10] [Via-Mappingloader-5/INFO]: [ViaVersion] Loading 1.16.2 -> 1.16 mappings...
[11:59:10] [Server thread/WARN]: **** SERVER IS RUNNING IN OFFLINE/INSECURE MODE!
[11:59:10] [Server thread/WARN]: The server will make no attempt to authenticate usernames. Beware.
[11:59:10] [Server thread/WARN]: While this makes the game possible to play without internet access, it also opens up the ability for hackers to connect with any username they choose.
[11:59:10] [Server thread/WARN]: To change this, set "online-mode" to "true" in the server.properties file.
[11:59:10] [Server thread/INFO]: Preparing level "world"
[11:59:10] [Via-Mappingloader-5/INFO]: [ViaVersion] Loading 1.13 -> 1.12 mappings...
[11:59:10] [Server thread/INFO]: -------- World Settings For [world] --------
[11:59:10] [Server thread/INFO]: Experience Merge Radius: 3.0
[11:59:10] [Server thread/INFO]: Cactus Growth Modifier: 100%
[11:59:10] [Server thread/INFO]: Cane Growth Modifier: 100%
[11:59:10] [Server thread/INFO]: Melon Growth Modifier: 100%
[11:59:10] [Server thread/INFO]: Mushroom Growth Modifier: 100%
[11:59:10] [Server thread/INFO]: Pumpkin Growth Modifier: 100%
[11:59:10] [Server thread/INFO]: Sapling Growth Modifier: 100%
[11:59:10] [Server thread/INFO]: Beetroot Growth Modifier: 100%
[11:59:10] [Server thread/INFO]: Carrot Growth Modifier: 100%
[11:59:10] [Server thread/INFO]: Potato Growth Modifier: 100%
[11:59:10] [Server thread/INFO]: Wheat Growth Modifier: 100%
[11:59:10] [Server thread/INFO]: NetherWart Growth Modifier: 100%
[11:59:10] [Server thread/INFO]: Vine Growth Modifier: 100%
[11:59:10] [Server thread/INFO]: Cocoa Growth Modifier: 100%
[11:59:10] [Server thread/INFO]: Bamboo Growth Modifier: 100%
[11:59:10] [Server thread/INFO]: SweetBerry Growth Modifier: 100%
[11:59:10] [Server thread/INFO]: Kelp Growth Modifier: 100%
[11:59:10] [Server thread/INFO]: Entity Activation Range: An 32 / Mo 32 / Ra 48 / Mi 16 / Tiv true
[11:59:10] [Server thread/INFO]: Hopper Transfer: 8 Hopper Check: 1 Hopper Amount: 1
[11:59:10] [Server thread/INFO]: Custom Map Seeds:  Village: 10387312 Desert: 14357617 Igloo: 14357618 Jungle: 14357619 Swamp: 14357620 Monument: 10387313 Ocean: 14357621 Shipwreck: 165745295 End City: 10387313 Slime: 987234911 Bastion: 30084232 Fortress: 30084232 Mansion: 10387319 Fossil: 14357921 Portal: 34222645
[11:59:10] [Server thread/INFO]: Max TNT Explosions: 100
[11:59:10] [Server thread/INFO]: Tile Max Tick Time: 50ms Entity max Tick Time: 50ms
[11:59:10] [Server thread/INFO]: Entity Tracking Range: Pl 48 / An 48 / Mo 48 / Mi 32 / Other 64
[11:59:10] [Server thread/INFO]: Allow Zombie Pigmen to spawn from portal blocks: true
[11:59:10] [Server thread/INFO]: Item Merge Radius: 2.5
[11:59:10] [Server thread/INFO]: Item Despawn Rate: 6000
[11:59:10] [Server thread/INFO]: View Distance: 10
[11:59:10] [Server thread/INFO]: Arrow Despawn Rate: 1200 Trident Respawn Rate:1200
[11:59:10] [Server thread/INFO]: Zombie Aggressive Towards Villager: true
[11:59:10] [Server thread/INFO]: Nerfing mobs spawned from spawners: false
[11:59:10] [Server thread/INFO]: Mob Spawn Range: 8
[11:59:11] [Server thread/INFO]: -------- World Settings For [world_nether] --------
[11:59:11] [Server thread/INFO]: Experience Merge Radius: 3.0
[11:59:11] [Server thread/INFO]: Cactus Growth Modifier: 100%
[11:59:11] [Server thread/INFO]: Cane Growth Modifier: 100%
[11:59:11] [Server thread/INFO]: Melon Growth Modifier: 100%
[11:59:11] [Server thread/INFO]: Mushroom Growth Modifier: 100%
[11:59:11] [Server thread/INFO]: Pumpkin Growth Modifier: 100%
[11:59:11] [Server thread/INFO]: Sapling Growth Modifier: 100%
[11:59:11] [Server thread/INFO]: Beetroot Growth Modifier: 100%
[11:59:11] [Server thread/INFO]: Carrot Growth Modifier: 100%
[11:59:11] [Server thread/INFO]: Potato Growth Modifier: 100%
[11:59:11] [Server thread/INFO]: Wheat Growth Modifier: 100%
[11:59:11] [Server thread/INFO]: NetherWart Growth Modifier: 100%
[11:59:11] [Server thread/INFO]: Vine Growth Modifier: 100%
[11:59:11] [Server thread/INFO]: Cocoa Growth Modifier: 100%
[11:59:11] [Server thread/INFO]: Bamboo Growth Modifier: 100%
[11:59:11] [Server thread/INFO]: SweetBerry Growth Modifier: 100%
[11:59:11] [Server thread/INFO]: Kelp Growth Modifier: 100%
[11:59:11] [Server thread/INFO]: Entity Activation Range: An 32 / Mo 32 / Ra 48 / Mi 16 / Tiv true
[11:59:11] [Server thread/INFO]: Hopper Transfer: 8 Hopper Check: 1 Hopper Amount: 1
[11:59:11] [Server thread/INFO]: Custom Map Seeds:  Village: 10387312 Desert: 14357617 Igloo: 14357618 Jungle: 14357619 Swamp: 14357620 Monument: 10387313 Ocean: 14357621 Shipwreck: 165745295 End City: 10387313 Slime: 987234911 Bastion: 30084232 Fortress: 30084232 Mansion: 10387319 Fossil: 14357921 Portal: 34222645
[11:59:11] [Server thread/INFO]: Max TNT Explosions: 100
[11:59:11] [Server thread/INFO]: Tile Max Tick Time: 50ms Entity max Tick Time: 50ms
[11:59:11] [Server thread/INFO]: Entity Tracking Range: Pl 48 / An 48 / Mo 48 / Mi 32 / Other 64
[11:59:11] [Server thread/INFO]: Allow Zombie Pigmen to spawn from portal blocks: true
[11:59:11] [Server thread/INFO]: Item Merge Radius: 2.5
[11:59:11] [Server thread/INFO]: Item Despawn Rate: 6000
[11:59:11] [Server thread/INFO]: View Distance: 10
[11:59:11] [Server thread/INFO]: Arrow Despawn Rate: 1200 Trident Respawn Rate:1200
[11:59:11] [Server thread/INFO]: Zombie Aggressive Towards Villager: true
[11:59:11] [Server thread/INFO]: Nerfing mobs spawned from spawners: false
[11:59:11] [Server thread/INFO]: Mob Spawn Range: 8
[11:59:11] [Server thread/INFO]: -------- World Settings For [world_the_end] --------
[11:59:11] [Server thread/INFO]: Experience Merge Radius: 3.0
[11:59:11] [Server thread/INFO]: Cactus Growth Modifier: 100%
[11:59:11] [Server thread/INFO]: Cane Growth Modifier: 100%
[11:59:11] [Server thread/INFO]: Melon Growth Modifier: 100%
[11:59:11] [Server thread/INFO]: Mushroom Growth Modifier: 100%
[11:59:11] [Server thread/INFO]: Pumpkin Growth Modifier: 100%
[11:59:11] [Server thread/INFO]: Sapling Growth Modifier: 100%
[11:59:11] [Server thread/INFO]: Beetroot Growth Modifier: 100%
[11:59:11] [Server thread/INFO]: Carrot Growth Modifier: 100%
[11:59:11] [Server thread/INFO]: Potato Growth Modifier: 100%
[11:59:11] [Server thread/INFO]: Wheat Growth Modifier: 100%
[11:59:11] [Server thread/INFO]: NetherWart Growth Modifier: 100%
[11:59:11] [Server thread/INFO]: Vine Growth Modifier: 100%
[11:59:11] [Server thread/INFO]: Cocoa Growth Modifier: 100%
[11:59:11] [Server thread/INFO]: Bamboo Growth Modifier: 100%
[11:59:11] [Server thread/INFO]: SweetBerry Growth Modifier: 100%
[11:59:11] [Server thread/INFO]: Kelp Growth Modifier: 100%
[11:59:11] [Server thread/INFO]: Entity Activation Range: An 32 / Mo 32 / Ra 48 / Mi 16 / Tiv true
[11:59:11] [Server thread/INFO]: Hopper Transfer: 8 Hopper Check: 1 Hopper Amount: 1
[11:59:11] [Server thread/INFO]: Custom Map Seeds:  Village: 10387312 Desert: 14357617 Igloo: 14357618 Jungle: 14357619 Swamp: 14357620 Monument: 10387313 Ocean: 14357621 Shipwreck: 165745295 End City: 10387313 Slime: 987234911 Bastion: 30084232 Fortress: 30084232 Mansion: 10387319 Fossil: 14357921 Portal: 34222645
[11:59:11] [Server thread/INFO]: Max TNT Explosions: 100
[11:59:11] [Server thread/INFO]: Tile Max Tick Time: 50ms Entity max Tick Time: 50ms
[11:59:11] [Server thread/INFO]: Entity Tracking Range: Pl 48 / An 48 / Mo 48 / Mi 32 / Other 64
[11:59:11] [Server thread/INFO]: Allow Zombie Pigmen to spawn from portal blocks: true
[11:59:11] [Server thread/INFO]: Item Merge Radius: 2.5
[11:59:11] [Server thread/INFO]: Item Despawn Rate: 6000
[11:59:11] [Server thread/INFO]: View Distance: 10
[11:59:11] [Server thread/INFO]: Arrow Despawn Rate: 1200 Trident Respawn Rate:1200
[11:59:11] [Server thread/INFO]: Zombie Aggressive Towards Villager: true
[11:59:11] [Server thread/INFO]: Nerfing mobs spawned from spawners: false
[11:59:11] [Server thread/INFO]: Mob Spawn Range: 8
[11:59:11] [Server thread/INFO]: Preparing start region for dimension minecraft:overworld
[11:59:13] [Server thread/INFO]: Loaded 0 spawn chunks for world world
[11:59:13] [Server thread/INFO]: Preparing spawn area: 0%
[11:59:13] [Server thread/INFO]: Preparing spawn area: 0%
[11:59:13] [Server thread/INFO]: Preparing spawn area: 0%
[11:59:13] [Server thread/INFO]: Preparing spawn area: 0%
[11:59:13] [Server thread/INFO]: Preparing spawn area: 0%
[11:59:14] [Server thread/INFO]: Preparing spawn area: 6%
[11:59:14] [Server thread/INFO]: Time elapsed: 2743 ms
[11:59:14] [Server thread/INFO]: Preparing start region for dimension minecraft:the_nether
[11:59:14] [Server thread/INFO]: Loaded 0 spawn chunks for world world_nether
[11:59:14] [Server thread/INFO]: Preparing spawn area: 0%
[11:59:15] [Server thread/INFO]: Preparing spawn area: 1%
[11:59:15] [Server thread/INFO]: Preparing spawn area: 1%
[11:59:15] [Server thread/INFO]: Preparing spawn area: 37%
[11:59:16] [Server thread/INFO]: Preparing spawn area: 100%
[11:59:16] [Server thread/INFO]: Time elapsed: 2512 ms
[11:59:16] [Server thread/INFO]: Preparing start region for dimension minecraft:the_end
[11:59:17] [Server thread/INFO]: Loaded 0 spawn chunks for world world_the_end
[11:59:17] [Server thread/INFO]: Preparing spawn area: 0%
[11:59:17] [Server thread/INFO]: Preparing spawn area: 3%
[11:59:17] [Server thread/INFO]: Time elapsed: 697 ms
[11:59:17] [Server thread/INFO]: [PermissionsEx] Enabling PermissionsEx v1.23.4*
[11:59:17] [Server thread/INFO]: [PermissionsEx] Initializing file backend
[11:59:17] [Server thread/INFO]: [PermissionsEx] Permissions file successfully reloaded
[11:59:17] [Server thread/INFO]: [Vault][Permission] PermissionsEx hooked.
[11:59:17] [Server thread/INFO]: [Vault] [Vault][Chat] PermissionsEx_Chat hooked.
[11:59:17] [Server thread/INFO]: [KeepChunks] Enabling KeepChunks v1.6.7
[11:59:17] [Server thread/INFO]: 
[11:59:17] [Server thread/INFO]:  _     _                   _______ _                 _          
[11:59:17] [Server thread/INFO]: (_)   | |                 (_______) |               | |  v1.6.7
[11:59:17] [Server thread/INFO]:  _____| |_____ _____ ____  _      | |__  _   _ ____ | |  _  ___ 
[11:59:17] [Server thread/INFO]: |  _   _) ___ | ___ |  _ \| |     |  _ \| | | |  _ \| |_/ )/___)
[11:59:17] [Server thread/INFO]: | |  \ \| ____| ____| |_| | |_____| | | | |_| | | | |  _ (|___ |
[11:59:17] [Server thread/INFO]: |_|   \_)_____)_____)  __/ \______)_| |_|____/|_| |_|_| \_|___/ 
[11:59:17] [Server thread/INFO]:                     |_|                                         
[11:59:17] [Server thread/INFO]: 
[11:59:17] [Server thread/INFO]: [KeepChunks] KeepChunks v1.6.7 has been enabled
[11:59:17] [Server thread/INFO]: [ViaVersion] Enabling ViaVersion v3.2.1
[11:59:17] [Server thread/INFO]: [Essentials] Enabling Essentials v2.19.0-dev+29-318df64
[11:59:18] [Server thread/INFO]: [Essentials] Attempting to convert old kits in config.yml to new kits.yml
[11:59:18] [Server thread/INFO]: [Essentials] No kits found to migrate.
[11:59:18] [Server thread/INFO]: [Essentials] Loaded 25599 items from items.json.
[11:59:18] [Server thread/INFO]: [Essentials] Using locale en_US
[11:59:18] [Server thread/INFO]: [Essentials] ServerListPingEvent: Spigot iterator API
[11:59:18] [Server thread/INFO]: [Essentials] Starting Metrics. Opt-out using the global bStats config.
[11:59:18] [Server thread/INFO]: [Vault] [Economy] Essentials Economy hooked.
[11:59:18] [Server thread/INFO]: [Essentials] Using Vault based permissions (PermissionsEx)
[11:59:18] [Server thread/INFO]: [DriveBackupV2] Enabling DriveBackupV2 v1.3.7*
[11:59:18] [Server thread/INFO]: [DriveBackupV2] Metrics started
[11:59:18] [Server thread/INFO]: [vanish] Enabling vanish v1.0*
[11:59:18] [Server thread/INFO]: [TAB] Enabling TAB v2.8.9
[11:59:18] [Server thread/INFO]: [TAB] Server version: 1.16.4 (v1_16_R3)
[11:59:19] [Server thread/INFO]: [TAB] File plugins/TAB/errors.txt exists and is not empty. Please take a look at the errors and try to correct them. You can also join our discord for assistance. After you resolve them, delete the file.
[11:59:19] [Thread-17/WARN]: [PermissionsEx] The updater could not find any files for the project id 31279
[11:59:19] [Server thread/INFO]: [TAB] There was 1 startup warning.
[11:59:19] [Server thread/INFO]: [TAB] Enabled in 163ms
[11:59:19] [Server thread/INFO]: [SuperVanish] Enabling SuperVanish v6.2.0
[11:59:19] [Server thread/INFO]: [SuperVanish] Please install ProtocolLib to be able to use all SuperVanish features: https://www.spigotmc.org/resources/protocollib.1997/
[11:59:19] [Server thread/INFO]: [SuperVanish] Hooked into Essentials
[11:59:19] [Server thread/INFO]: Running delayed init tasks
[11:59:19] [Server thread/INFO]: [ViaVersion] ViaVersion detected server version: 1.16.4(754)
[11:59:19] [Server thread/INFO]: [ViaVersion] Finished mapping loading, shutting down loader executor!
[11:59:19] [Server thread/INFO]: Done (26.670s)! For help, type "help"
[11:59:19] [Server thread/INFO]: Timings Reset
[11:59:19] [Craft Scheduler Thread - 4/INFO]: [DriveBackupV2] Checking for updates...
[11:59:19] [Craft Scheduler Thread - 5/INFO]: [Vault] Checking for Updates ... 
[11:59:20] [Craft Scheduler Thread - 5/INFO]: [Vault] No new version available
[11:59:21] [Craft Scheduler Thread - 4/INFO]: [DriveBackupV2] Hooray! You are running the latest release!
[11:59:29] [Server thread/INFO]: [KeepChunks] You are running the latest version.
[11:59:51] [User Authenticator #1/INFO]: UUID of player Static_Pirate is 76d9b416-c008-3f82-9740-8af8d74ac306
[11:59:51] [Server thread/INFO]: Disconnecting com.mojang.authlib.GameProfile@76fabcdf[id=76d9b416-c008-3f82-9740-8af8d74ac306,name=Static_Pirate,properties={},legacy=false] (/127.0.0.1:42465): You are not whitelisted on this server!
[11:59:51] [Server thread/INFO]: com.mojang.authlib.GameProfile@76fabcdf[id=76d9b416-c008-3f82-9740-8af8d74ac306,name=Static_Pirate,properties={},legacy=false] (/127.0.0.1:42465) lost connection: You are not whitelisted on this server!
[12:00:13] [Server thread/INFO]: Player is already whitelisted
[12:00:27] [User Authenticator #1/INFO]: UUID of player Static_Pirate is 76d9b416-c008-3f82-9740-8af8d74ac306
[12:00:27] [Server thread/INFO]: Disconnecting com.mojang.authlib.GameProfile@43b5b82f[id=76d9b416-c008-3f82-9740-8af8d74ac306,name=Static_Pirate,properties={},legacy=false] (/127.0.0.1:55965): You are not whitelisted on this server!
[12:00:27] [Server thread/INFO]: com.mojang.authlib.GameProfile@43b5b82f[id=76d9b416-c008-3f82-9740-8af8d74ac306,name=Static_Pirate,properties={},legacy=false] (/127.0.0.1:55965) lost connection: You are not whitelisted on this server!
[12:00:42] [Server thread/INFO]: Whitelist is now turned off
[12:00:49] [User Authenticator #1/INFO]: UUID of player Static_Pirate is 76d9b416-c008-3f82-9740-8af8d74ac306
[12:00:50] [pool-15-thread-6/WARN]: [TAB] Loaded class us.myles.ViaVersion.api.Via from ViaVersion v3.2.1 which is not a depend, softdepend or loadbefore of this plugin.
[12:00:50] [Server thread/INFO]: [Essentials] Found new UUID for Static_Pirate. Replacing deb371d0-541b-43f9-9493-ee398a3e0aca with 76d9b416-c008-3f82-9740-8af8d74ac306
[12:00:50] [Server thread/INFO]: [DriveBackupV2] Enabling automatic backups
[12:00:50] [Server thread/INFO]: Static_Pirate joined the game
[12:00:50] [Server thread/INFO]: Static_Pirate[/127.0.0.1:57951] logged in with entity id 325 at ([world]74.5, 63.0, 32.5)
[12:00:51] [pool-12-thread-1/INFO]: [Essentials] Creating empty config: /home/xander/Minecraft/knx/plugins/Essentials/userdata/76d9b416-c008-3f82-9740-8af8d74ac306.yml
[12:01:43] [Server thread/INFO]: Static_Pirate lost connection: Disconnected
[12:01:44] [Server thread/INFO]: Static_Pirate left the game
[12:01:53] [User Authenticator #2/INFO]: UUID of player Static_Pirate is 76d9b416-c008-3f82-9740-8af8d74ac306
[12:01:54] [Server thread/INFO]: Static_Pirate joined the game
[12:01:54] [Server thread/INFO]: Static_Pirate[/127.0.0.1:50215] logged in with entity id 553 at ([world]101.58543545349966, 67.0, 27.39463072793716)
[12:02:14] [Server thread/INFO]: Stopping the server
[12:02:14] [Server thread/INFO]: Stopping server
[12:02:14] [Server thread/INFO]: [SuperVanish] Disabling SuperVanish v6.2.0
[12:02:15] [Server thread/INFO]: [TAB] Disabling TAB v2.8.9
[12:02:15] [Server thread/INFO]: [TAB] Disabled in 5ms
[12:02:15] [Server thread/INFO]: [vanish] Disabling vanish v1.0
[12:02:15] [Server thread/INFO]: [DriveBackupV2] Disabling DriveBackupV2 v1.3.7
[12:02:15] [Server thread/INFO]: [DriveBackupV2] Stopping plugin!
[12:02:15] [Server thread/INFO]: [ViaBackwards] Disabling ViaBackwards v3.2.0
[12:02:15] [Server thread/INFO]: [Essentials] Disabling Essentials v2.19.0-dev+29-318df64
[12:02:15] [Server thread/INFO]: [Vault] [Economy] Essentials Economy unhooked.
[12:02:15] [Server thread/INFO]: [Vault] Disabling Vault v1.7.3-b131
[12:02:15] [Server thread/INFO]: [ViaVersion] Disabling ViaVersion v3.2.1
[12:02:15] [Server thread/INFO]: [ViaVersion] ViaVersion is disabling, if this is a reload and you experience issues consider rebooting.
[12:02:15] [Server thread/INFO]: [KeepChunks] Disabling KeepChunks v1.6.7
[12:02:15] [Server thread/INFO]: [PermissionsEx] Disabling PermissionsEx v1.23.4
[12:02:15] [Server thread/INFO]: Saving players
[12:02:15] [Server thread/INFO]: Static_Pirate lost connection: Server closed
[12:02:15] [Server thread/INFO]: Static_Pirate left the game
[12:02:15] [Server thread/INFO]: Saving worlds
[12:02:15] [Server thread/INFO]: Saving chunks for level 'ServerLevel[world]'/minecraft:overworld
[12:02:17] [Server thread/INFO]: ThreadedAnvilChunkStorage (world): All chunks are saved
[12:02:17] [Server thread/INFO]: Saving chunks for level 'ServerLevel[world_nether]'/minecraft:the_nether
[12:02:18] [Server thread/INFO]: ThreadedAnvilChunkStorage (DIM-1): All chunks are saved
[12:02:18] [Server thread/INFO]: Saving chunks for level 'ServerLevel[world_the_end]'/minecraft:the_end
[12:02:19] [Server thread/INFO]: ThreadedAnvilChunkStorage (DIM1): All chunks are saved
[12:02:19] [Server thread/INFO]: ThreadedAnvilChunkStorage (world): All chunks are saved
[12:02:19] [Server thread/INFO]: ThreadedAnvilChunkStorage (DIM-1): All chunks are saved
[12:02:20] [Server thread/INFO]: ThreadedAnvilChunkStorage (DIM1): All chunks are saved
[12:02:20] [Server thread/INFO]: Flushing Chunk IO
[12:02:20] [Server thread/INFO]: Closing Thread Pool
[12:02:20] [Server thread/INFO]: Closing Server
